  Function.cpp
C:\Users\trand\source\repos\Full_Project\Full_Project\lib.h(11,1): warning C4005: '_CRT_SECURE_NO_WARNINGS': macro redefinition
C:\Users\trand\source\repos\Full_Project\Full_Project\lib.h(11,1): message : '_CRT_SECURE_NO_WARNINGS' previously declared on the command line
C:\Users\trand\source\repos\Full_Project\Full_Project\Function.cpp(59,24): warning C4267: 'initializing': conversion from 'size_t' to 'int', possible loss of data
C:\Users\trand\source\repos\Full_Project\Full_Project\Function.cpp(68,25): warning C4267: 'initializing': conversion from 'size_t' to 'int', possible loss of data
C:\Users\trand\source\repos\Full_Project\Full_Project\Function.cpp(77,24): warning C4267: 'initializing': conversion from 'size_t' to 'int', possible loss of data
C:\Users\trand\source\repos\Full_Project\Full_Project\Function.cpp(304,46): warning C4267: 'initializing': conversion from 'size_t' to 'int', possible loss of data
C:\Users\trand\source\repos\Full_Project\Full_Project\Function.cpp(305,45): warning C4267: 'initializing': conversion from 'size_t' to 'int', possible loss of data
C:\Users\trand\source\repos\Full_Project\Full_Project\Function.cpp(359,8): warning C4244: 'argument': conversion from '__int64' to 'int', possible loss of data
C:\Users\trand\source\repos\Full_Project\Full_Project\Function.cpp(408,6): warning C4101: 'a': unreferenced local variable
C:\Users\trand\source\repos\Full_Project\Full_Project\Function.cpp(452,6): warning C4101: 'a': unreferenced local variable
C:\Users\trand\source\repos\Full_Project\Full_Project\Function.cpp(511,46): warning C4267: 'initializing': conversion from 'size_t' to 'int', possible loss of data
C:\Users\trand\source\repos\Full_Project\Full_Project\Function.cpp(512,45): warning C4267: 'initializing': conversion from 'size_t' to 'int', possible loss of data
C:\Users\trand\source\repos\Full_Project\Full_Project\Function.cpp(529,55): warning C4244: '=': conversion from 'int' to 'float', possible loss of data
C:\Users\trand\source\repos\Full_Project\Full_Project\Function.cpp(530,57): warning C4244: '=': conversion from 'int' to 'float', possible loss of data
C:\Users\trand\source\repos\Full_Project\Full_Project\Function.cpp(531,55): warning C4244: '=': conversion from 'int' to 'float', possible loss of data
C:\Users\trand\source\repos\Full_Project\Full_Project\Function.cpp(532,101): warning C4244: '=': conversion from 'double' to 'float', possible loss of data
C:\Users\trand\source\repos\Full_Project\Full_Project\Function.cpp(625,6): warning C4101: 'lc': unreferenced local variable
C:\Users\trand\source\repos\Full_Project\Full_Project\Function.cpp(744,40): warning C4267: 'initializing': conversion from 'size_t' to 'int', possible loss of data
C:\Users\trand\source\repos\Full_Project\Full_Project\Function.cpp(745,39): warning C4267: 'initializing': conversion from 'size_t' to 'int', possible loss of data
C:\Users\trand\source\repos\Full_Project\Full_Project\Function.cpp(1432,6): warning C4101: 'option': unreferenced local variable
C:\Users\trand\source\repos\Full_Project\Full_Project\Function.cpp(1433,7): warning C4101: 'flag': unreferenced local variable
C:\Users\trand\source\repos\Full_Project\Full_Project\Function.cpp(1771,8): warning C4101: 'pathOfSource': unreferenced local variable
C:\Users\trand\source\repos\Full_Project\Full_Project\Function.cpp(2194,12): warning C4101: 'Acc1': unreferenced local variable
C:\Users\trand\source\repos\Full_Project\Full_Project\Function.cpp(2720,63): warning C4267: 'argument': conversion from 'size_t' to 'int', possible loss of data
C:\Users\trand\source\repos\Full_Project\Full_Project\Function.cpp(2724,56): warning C4267: 'argument': conversion from 'size_t' to 'int', possible loss of data
C:\Users\trand\source\repos\Full_Project\Full_Project\Function.cpp(2737,56): warning C4267: 'argument': conversion from 'size_t' to 'int', possible loss of data
C:\Users\trand\source\repos\Full_Project\Full_Project\Function.cpp(2741,56): warning C4267: 'argument': conversion from 'size_t' to 'int', possible loss of data
C:\Users\trand\source\repos\Full_Project\Full_Project\Function.cpp(2745,64): warning C4267: 'argument': conversion from 'size_t' to 'int', possible loss of data
C:\Users\trand\source\repos\Full_Project\Full_Project\Function.cpp(2758,56): warning C4267: 'argument': conversion from 'size_t' to 'int', possible loss of data
C:\Users\trand\source\repos\Full_Project\Full_Project\Function.cpp(2762,72): warning C4267: 'argument': conversion from 'size_t' to 'int', possible loss of data
C:\Users\trand\source\repos\Full_Project\Full_Project\Function.cpp(2766,68): warning C4267: 'argument': conversion from 'size_t' to 'int', possible loss of data
C:\Users\trand\source\repos\Full_Project\Full_Project\Function.cpp(2770,57): warning C4267: 'argument': conversion from 'size_t' to 'int', possible loss of data
C:\Users\trand\source\repos\Full_Project\Full_Project\Function.cpp(2783,57): warning C4267: 'argument': conversion from 'size_t' to 'int', possible loss of data
C:\Users\trand\source\repos\Full_Project\Full_Project\Function.cpp(2787,69): warning C4267: 'argument': conversion from 'size_t' to 'int', possible loss of data
C:\Users\trand\source\repos\Full_Project\Full_Project\Function.cpp(2800,66): warning C4267: 'argument': conversion from 'size_t' to 'int', possible loss of data
C:\Users\trand\source\repos\Full_Project\Full_Project\Function.cpp(2804,66): warning C4267: 'argument': conversion from 'size_t' to 'int', possible loss of data
C:\Users\trand\source\repos\Full_Project\Full_Project\Function.cpp(2808,65): warning C4267: 'argument': conversion from 'size_t' to 'int', possible loss of data
C:\Users\trand\source\repos\Full_Project\Full_Project\Function.cpp(2821,56): warning C4267: 'argument': conversion from 'size_t' to 'int', possible loss of data
C:\Users\trand\source\repos\Full_Project\Full_Project\Function.cpp(2825,52): warning C4267: 'argument': conversion from 'size_t' to 'int', possible loss of data
C:\Users\trand\source\repos\Full_Project\Full_Project\Function.cpp(2829,56): warning C4267: 'argument': conversion from 'size_t' to 'int', possible loss of data
C:\Users\trand\source\repos\Full_Project\Full_Project\Function.cpp(2833,61): warning C4267: 'argument': conversion from 'size_t' to 'int', possible loss of data
C:\Users\trand\source\repos\Full_Project\Full_Project\Function.cpp(2841,71): warning C4267: 'argument': conversion from 'size_t' to 'int', possible loss of data
C:\Users\trand\source\repos\Full_Project\Full_Project\Function.cpp(2854,69): warning C4267: 'argument': conversion from 'size_t' to 'int', possible loss of data
C:\Users\trand\source\repos\Full_Project\Full_Project\Function.cpp(2858,64): warning C4267: 'argument': conversion from 'size_t' to 'int', possible loss of data
C:\Users\trand\source\repos\Full_Project\Full_Project\Function.cpp(2862,66): warning C4267: 'argument': conversion from 'size_t' to 'int', possible loss of data
C:\Users\trand\source\repos\Full_Project\Full_Project\Function.cpp(2875,57): warning C4267: 'argument': conversion from 'size_t' to 'int', possible loss of data
C:\Users\trand\source\repos\Full_Project\Full_Project\Function.cpp(2879,58): warning C4267: 'argument': conversion from 'size_t' to 'int', possible loss of data
C:\Users\trand\source\repos\Full_Project\Full_Project\Function.cpp(2883,67): warning C4267: 'argument': conversion from 'size_t' to 'int', possible loss of data
C:\Users\trand\source\repos\Full_Project\Full_Project\Function.cpp(2887,69): warning C4267: 'argument': conversion from 'size_t' to 'int', possible loss of data
C:\Users\trand\source\repos\Full_Project\Full_Project\Function.cpp(2900,57): warning C4267: 'argument': conversion from 'size_t' to 'int', possible loss of data
C:\Users\trand\source\repos\Full_Project\Full_Project\Function.cpp(2904,58): warning C4267: 'argument': conversion from 'size_t' to 'int', possible loss of data
C:\Users\trand\source\repos\Full_Project\Full_Project\Function.cpp(2908,67): warning C4267: 'argument': conversion from 'size_t' to 'int', possible loss of data
C:\Users\trand\source\repos\Full_Project\Full_Project\Function.cpp(2912,69): warning C4267: 'argument': conversion from 'size_t' to 'int', possible loss of data
C:\Users\trand\source\repos\Full_Project\Full_Project\Function.cpp(2916,73): warning C4267: 'argument': conversion from 'size_t' to 'int', possible loss of data
C:\Users\trand\source\repos\Full_Project\Full_Project\Function.cpp(2930,66): warning C4267: 'argument': conversion from 'size_t' to 'int', possible loss of data
C:\Users\trand\source\repos\Full_Project\Full_Project\Function.cpp(2934,67): warning C4267: 'argument': conversion from 'size_t' to 'int', possible loss of data
C:\Users\trand\source\repos\Full_Project\Full_Project\Function.cpp(2938,73): warning C4267: 'argument': conversion from 'size_t' to 'int', possible loss of data
C:\Users\trand\source\repos\Full_Project\Full_Project\Function.cpp(2951,67): warning C4267: 'argument': conversion from 'size_t' to 'int', possible loss of data
C:\Users\trand\source\repos\Full_Project\Full_Project\Function.cpp(2955,68): warning C4267: 'argument': conversion from 'size_t' to 'int', possible loss of data
C:\Users\trand\source\repos\Full_Project\Full_Project\Function.cpp(2959,74): warning C4267: 'argument': conversion from 'size_t' to 'int', possible loss of data
C:\Users\trand\source\repos\Full_Project\Full_Project\Function.cpp(2972,68): warning C4267: 'argument': conversion from 'size_t' to 'int', possible loss of data
C:\Users\trand\source\repos\Full_Project\Full_Project\Function.cpp(2976,69): warning C4267: 'argument': conversion from 'size_t' to 'int', possible loss of data
C:\Users\trand\source\repos\Full_Project\Full_Project\Function.cpp(2980,75): warning C4267: 'argument': conversion from 'size_t' to 'int', possible loss of data
C:\Users\trand\source\repos\Full_Project\Full_Project\Function.cpp(2993,69): warning C4267: 'argument': conversion from 'size_t' to 'int', possible loss of data
C:\Users\trand\source\repos\Full_Project\Full_Project\Function.cpp(2997,70): warning C4267: 'argument': conversion from 'size_t' to 'int', possible loss of data
C:\Users\trand\source\repos\Full_Project\Full_Project\Function.cpp(3001,76): warning C4267: 'argument': conversion from 'size_t' to 'int', possible loss of data
C:\Users\trand\source\repos\Full_Project\Full_Project\Function.cpp(3013,84): warning C4267: 'argument': conversion from 'size_t' to 'int', possible loss of data
C:\Users\trand\source\repos\Full_Project\Full_Project\Function.cpp(3024,105): warning C4267: 'argument': conversion from 'size_t' to 'int', possible loss of data
C:\Users\trand\source\repos\Full_Project\Full_Project\Function.cpp(3035,80): warning C4267: 'argument': conversion from 'size_t' to 'int', possible loss of data
C:\Users\trand\source\repos\Full_Project\Full_Project\Function.cpp(3048,69): warning C4267: 'argument': conversion from 'size_t' to 'int', possible loss of data
C:\Users\trand\source\repos\Full_Project\Full_Project\Function.cpp(3052,71): warning C4267: 'argument': conversion from 'size_t' to 'int', possible loss of data
C:\Users\trand\source\repos\Full_Project\Full_Project\Function.cpp(3056,69): warning C4267: 'argument': conversion from 'size_t' to 'int', possible loss of data
C:\Users\trand\source\repos\Full_Project\Full_Project\Function.cpp(3060,68): warning C4267: 'argument': conversion from 'size_t' to 'int', possible loss of data
C:\Users\trand\source\repos\Full_Project\Full_Project\Function.cpp(3074,70): warning C4267: 'argument': conversion from 'size_t' to 'int', possible loss of data
C:\Users\trand\source\repos\Full_Project\Full_Project\Function.cpp(3078,72): warning C4267: 'argument': conversion from 'size_t' to 'int', possible loss of data
C:\Users\trand\source\repos\Full_Project\Full_Project\Function.cpp(3082,69): warning C4267: 'argument': conversion from 'size_t' to 'int', possible loss of data
C:\Users\trand\source\repos\Full_Project\Full_Project\Function.cpp(3086,76): warning C4267: 'argument': conversion from 'size_t' to 'int', possible loss of data
C:\Users\trand\source\repos\Full_Project\Full_Project\Function.cpp(3090,74): warning C4267: 'argument': conversion from 'size_t' to 'int', possible loss of data
C:\Users\trand\source\repos\Full_Project\Full_Project\Function.cpp(3094,81): warning C4267: 'argument': conversion from 'size_t' to 'int', possible loss of data
C:\Users\trand\source\repos\Full_Project\Full_Project\Function.cpp(3098,80): warning C4267: 'argument': conversion from 'size_t' to 'int', possible loss of data
C:\Users\trand\source\repos\Full_Project\Full_Project\Function.cpp(3102,62): warning C4267: 'argument': conversion from 'size_t' to 'int', possible loss of data
C:\Users\trand\source\repos\Full_Project\Full_Project\Function.cpp(3116,88): warning C4267: 'argument': conversion from 'size_t' to 'int', possible loss of data
C:\Users\trand\source\repos\Full_Project\Full_Project\Function.cpp(3130,111): warning C4267: 'argument': conversion from 'size_t' to 'int', possible loss of data
C:\Users\trand\source\repos\Full_Project\Full_Project\Function.cpp(3141,80): warning C4267: 'argument': conversion from 'size_t' to 'int', possible loss of data
C:\Users\trand\source\repos\Full_Project\Full_Project\Function.cpp(3154,64): warning C4267: 'argument': conversion from 'size_t' to 'int', possible loss of data
C:\Users\trand\source\repos\Full_Project\Full_Project\Function.cpp(3159,70): warning C4267: 'argument': conversion from 'size_t' to 'int', possible loss of data
C:\Users\trand\source\repos\Full_Project\Full_Project\Function.cpp(3163,87): warning C4267: 'argument': conversion from 'size_t' to 'int', possible loss of data
C:\Users\trand\source\repos\Full_Project\Full_Project\Function.cpp(3168,86): warning C4267: 'argument': conversion from 'size_t' to 'int', possible loss of data
C:\Users\trand\source\repos\Full_Project\Full_Project\Function.cpp(3181,69): warning C4267: 'argument': conversion from 'size_t' to 'int', possible loss of data
C:\Users\trand\source\repos\Full_Project\Full_Project\Function.cpp(3185,67): warning C4267: 'argument': conversion from 'size_t' to 'int', possible loss of data
C:\Users\trand\source\repos\Full_Project\Full_Project\Function.cpp(3189,68): warning C4267: 'argument': conversion from 'size_t' to 'int', possible loss of data
C:\Users\trand\source\repos\Full_Project\Full_Project\Function.cpp(3193,69): warning C4267: 'argument': conversion from 'size_t' to 'int', possible loss of data
C:\Users\trand\source\repos\Full_Project\Full_Project\Function.cpp(3205,84): warning C4267: 'argument': conversion from 'size_t' to 'int', possible loss of data
C:\Users\trand\source\repos\Full_Project\Full_Project\Function.cpp(3275,48): warning C4267: 'argument': conversion from 'size_t' to 'int', possible loss of data
C:\Users\trand\source\repos\Full_Project\Full_Project\Function.cpp(3304,60): warning C4267: 'argument': conversion from 'size_t' to 'int', possible loss of data
C:\Users\trand\source\repos\Full_Project\Full_Project\Function.cpp(3305,60): warning C4267: 'argument': conversion from 'size_t' to 'int', possible loss of data
C:\Users\trand\source\repos\Full_Project\Full_Project\Function.cpp(3436,52): warning C4267: 'argument': conversion from 'size_t' to 'int', possible loss of data
C:\Users\trand\source\repos\Full_Project\Full_Project\Function.cpp(3514,52): warning C4267: 'argument': conversion from 'size_t' to 'int', possible loss of data
C:\Users\trand\source\repos\Full_Project\Full_Project\Function.cpp(3816,62): warning C4267: 'argument': conversion from 'size_t' to 'int', possible loss of data
C:\Users\trand\source\repos\Full_Project\Full_Project\Function.cpp(3817,62): warning C4267: 'argument': conversion from 'size_t' to 'int', possible loss of data
C:\Users\trand\source\repos\Full_Project\Full_Project\Function.cpp(3819,87): warning C4267: 'argument': conversion from 'size_t' to 'int', possible loss of data
C:\Users\trand\source\repos\Full_Project\Full_Project\Function.cpp(3824,74): warning C4267: 'argument': conversion from 'size_t' to 'int', possible loss of data
C:\Users\trand\source\repos\Full_Project\Full_Project\Function.cpp(3895,62): warning C4267: 'argument': conversion from 'size_t' to 'int', possible loss of data
C:\Users\trand\source\repos\Full_Project\Full_Project\Function.cpp(3896,62): warning C4267: 'argument': conversion from 'size_t' to 'int', possible loss of data
C:\Users\trand\source\repos\Full_Project\Full_Project\Function.cpp(3897,63): warning C4267: 'argument': conversion from 'size_t' to 'int', possible loss of data
C:\Users\trand\source\repos\Full_Project\Full_Project\Function.cpp(3898,65): warning C4267: 'argument': conversion from 'size_t' to 'int', possible loss of data
C:\Users\trand\source\repos\Full_Project\Full_Project\Function.cpp(3899,63): warning C4267: 'argument': conversion from 'size_t' to 'int', possible loss of data
C:\Users\trand\source\repos\Full_Project\Full_Project\Function.cpp(3900,63): warning C4267: 'argument': conversion from 'size_t' to 'int', possible loss of data
C:\Users\trand\source\repos\Full_Project\Full_Project\Function.cpp(3904,77): warning C4267: 'argument': conversion from 'size_t' to 'int', possible loss of data
C:\Users\trand\source\repos\Full_Project\Full_Project\Function.cpp(3922,61): warning C4267: 'argument': conversion from 'size_t' to 'int', possible loss of data
C:\Users\trand\source\repos\Full_Project\Full_Project\Function.cpp(3923,64): warning C4267: 'argument': conversion from 'size_t' to 'int', possible loss of data
C:\Users\trand\source\repos\Full_Project\Full_Project\Function.cpp(3924,63): warning C4267: 'argument': conversion from 'size_t' to 'int', possible loss of data
C:\Users\trand\source\repos\Full_Project\Full_Project\Function.cpp(3925,65): warning C4267: 'argument': conversion from 'size_t' to 'int', possible loss of data
C:\Users\trand\source\repos\Full_Project\Full_Project\Function.cpp(3926,63): warning C4267: 'argument': conversion from 'size_t' to 'int', possible loss of data
C:\Users\trand\source\repos\Full_Project\Full_Project\Function.cpp(3927,64): warning C4267: 'argument': conversion from 'size_t' to 'int', possible loss of data
C:\Users\trand\source\repos\Full_Project\Full_Project\Function.cpp(3935,90): warning C4267: 'argument': conversion from 'size_t' to 'int', possible loss of data
C:\Users\trand\source\repos\Full_Project\Full_Project\Function.cpp(4063,62): warning C4267: 'argument': conversion from 'size_t' to 'int', possible loss of data
C:\Users\trand\source\repos\Full_Project\Full_Project\Function.cpp(4064,62): warning C4267: 'argument': conversion from 'size_t' to 'int', possible loss of data
C:\Users\trand\source\repos\Full_Project\Full_Project\Function.cpp(4065,65): warning C4267: 'argument': conversion from 'size_t' to 'int', possible loss of data
C:\Users\trand\source\repos\Full_Project\Full_Project\Function.cpp(4066,60): warning C4267: 'argument': conversion from 'size_t' to 'int', possible loss of data
C:\Users\trand\source\repos\Full_Project\Full_Project\Function.cpp(4067,62): warning C4267: 'argument': conversion from 'size_t' to 'int', possible loss of data
C:\Users\trand\source\repos\Full_Project\Full_Project\Function.cpp(4071,74): warning C4267: 'argument': conversion from 'size_t' to 'int', possible loss of data
C:\Users\trand\source\repos\Full_Project\Full_Project\Function.cpp(4141,62): warning C4267: 'argument': conversion from 'size_t' to 'int', possible loss of data
C:\Users\trand\source\repos\Full_Project\Full_Project\Function.cpp(4142,62): warning C4267: 'argument': conversion from 'size_t' to 'int', possible loss of data
C:\Users\trand\source\repos\Full_Project\Full_Project\Function.cpp(4143,65): warning C4267: 'argument': conversion from 'size_t' to 'int', possible loss of data
C:\Users\trand\source\repos\Full_Project\Full_Project\Function.cpp(4144,60): warning C4267: 'argument': conversion from 'size_t' to 'int', possible loss of data
C:\Users\trand\source\repos\Full_Project\Full_Project\Function.cpp(4145,62): warning C4267: 'argument': conversion from 'size_t' to 'int', possible loss of data
C:\Users\trand\source\repos\Full_Project\Full_Project\Function.cpp(4149,78): warning C4267: 'argument': conversion from 'size_t' to 'int', possible loss of data
C:\Users\trand\source\repos\Full_Project\Full_Project\Function.cpp(5119,26): warning C4838: conversion from 'int' to 'SHORT' requires a narrowing conversion
C:\Users\trand\source\repos\Full_Project\Full_Project\Function.cpp(5119,28): warning C4838: conversion from 'int' to 'SHORT' requires a narrowing conversion
  main.cpp
C:\Users\trand\source\repos\Full_Project\Full_Project\lib.h(11,1): warning C4005: '_CRT_SECURE_NO_WARNINGS': macro redefinition
C:\Users\trand\source\repos\Full_Project\Full_Project\lib.h(11,1): message : '_CRT_SECURE_NO_WARNINGS' previously declared on the command line
  Generating Code...
C:\Users\trand\source\repos\Full_Project\Full_Project\Function.cpp(36): warning C4715: 'maxDay': not all control paths return a value
C:\Users\trand\source\repos\Full_Project\Full_Project\Function.cpp(272): warning C4715: 'SignIn': not all control paths return a value
C:\Users\trand\source\repos\Full_Project\Full_Project\Function.cpp(931): warning C4715: 'getFaculty': not all control paths return a value
C:\Users\trand\source\repos\Full_Project\Full_Project\Function.cpp(1372): warning C4715: 'MenuOfOneCourse': not all control paths return a value
C:\Users\trand\source\repos\Full_Project\Full_Project\Function.cpp(3504): warning C4715: 'BoxNotification': not all control paths return a value
C:\Users\trand\source\repos\Full_Project\Full_Project\Function.cpp(5152): warning C4715: 'inputKey': not all control paths return a value
  Full_Project.vcxproj -> C:\Users\trand\source\repos\Full_Project\x64\Debug\Full_Project.exe
